Using pre-set license
Built from '2021.1/release' branch; Version is '2021.1.1f1 (6fdc41dfa55a) revision 7330881'; Using compiler version '192528614'; Build Type 'Release'
OS: 'Windows 10 Home; OS build 19043.1415; Version 2009; 64bit' Language: 'en' Physical Memory: 32689 MB
BatchMode: 1, IsHumanControllingUs: 0, StartBugReporterOnCrash: 0, Is64bit: 1, IsPro: 0

 COMMAND LINE ARGUMENTS:
D:\Program Files\Unity\Hub\Editor\2021.1.1f1\Editor\Unity.exe
-adb2
-batchMode
-noUpm
-name
AssetImportWorker0
-projectPath
D:/Users/simon/Documents/GitHub/Spike-Bounce/spike bounce
-logFile
Logs/AssetImportWorker0.log
-srvPort
61251
Successfully changed project path to: D:/Users/simon/Documents/GitHub/Spike-Bounce/spike bounce
D:/Users/simon/Documents/GitHub/Spike-Bounce/spike bounce
Using Asset Import Pipeline V2.
Refreshing native plugins compatible for Editor in 90.53 ms, found 2 plugins.
Preloading 0 native plugins for Editor in 0.00 ms.
Initialize engine version: 2021.1.1f1 (6fdc41dfa55a)
[Subsystems] Discovering subsystems at path D:/Program Files/Unity/Hub/Editor/2021.1.1f1/Editor/Data/Resources/UnitySubsystems
[Subsystems] Discovering subsystems at path D:/Users/simon/Documents/GitHub/Spike-Bounce/spike bounce/Assets
GfxDevice: creating device client; threaded=0; jobified=0
Direct3D:
    Version:  Direct3D 11.0 [level 11.1]
    Renderer: NVIDIA GeForce RTX 2060 SUPER (ID=0x1f06)
    Vendor:   NVIDIA
    VRAM:     8031 MB
    Driver:   27.21.14.5671
Initialize mono
Mono path[0] = 'D:/Program Files/Unity/Hub/Editor/2021.1.1f1/Editor/Data/Managed'
Mono path[1] = 'D:/Program Files/Unity/Hub/Editor/2021.1.1f1/Editor/Data/MonoBleedingEdge/lib/mono/unityjit'
Mono config path = 'D:/Program Files/Unity/Hub/Editor/2021.1.1f1/Editor/Data/MonoBleedingEdge/etc'
Using monoOptions --debugger-agent=transport=dt_socket,embedding=1,server=y,suspend=n,address=127.0.0.1:56744
Begin MonoManager ReloadAssembly
Registering precompiled unity dll's ...
Register platform support module: D:/Program Files/Unity/Hub/Editor/2021.1.1f1/Editor/Data/PlaybackEngines/WebGLSupport/UnityEditor.WebGL.Extensions.dll
Register platform support module: D:/Program Files/Unity/Hub/Editor/2021.1.1f1/Editor/Data/PlaybackEngines/MacStandaloneSupport/UnityEditor.OSXStandalone.Extensions.dll
Register platform support module: D:/Program Files/Unity/Hub/Editor/2021.1.1f1/Editor/Data/PlaybackEngines/WindowsStandaloneSupport/UnityEditor.WindowsStandalone.Extensions.dll
Register platform support module: D:/Program Files/Unity/Hub/Editor/2021.1.1f1/Editor/Data/PlaybackEngines/LinuxStandaloneSupport/UnityEditor.LinuxStandalone.Extensions.dll
Register platform support module: D:/Program Files/Unity/Hub/Editor/2021.1.1f1/Editor/Data/PlaybackEngines/LuminSupport/UnityEditor.Lumin.Extensions.dll
Registered in 0.001883 seconds.
Native extension for Lumin target not found
Native extension for LinuxStandalone target not found
Native extension for WindowsStandalone target not found
Native extension for OSXStandalone target not found
Native extension for WebGL target not found
Refreshing native plugins compatible for Editor in 91.26 ms, found 2 plugins.
Preloading 0 native plugins for Editor in 0.00 ms.
Mono: successfully reloaded assembly
- Completed reload, in  2.264 seconds
Platform modules already initialized, skipping
Registering precompiled user dll's ...
Registered in 0.002651 seconds.
Begin MonoManager ReloadAssembly
Native extension for Lumin target not found
Native extension for LinuxStandalone target not found
Native extension for WindowsStandalone target not found
Native extension for OSXStandalone target not found
Native extension for WebGL target not found
Refreshing native plugins compatible for Editor in 92.26 ms, found 2 plugins.
Preloading 0 native plugins for Editor in 0.00 ms.
Mono: successfully reloaded assembly
- Completed reload, in  1.038 seconds
Platform modules already initialized, skipping
========================================================================
Worker process is ready to serve import requests
Launched and connected shader compiler UnityShaderCompiler.exe after 0.04 seconds
Refreshing native plugins compatible for Editor in 0.65 ms, found 2 plugins.
Preloading 0 native plugins for Editor in 0.00 ms.
Unloading 3408 Unused Serialized files (Serialized files now loaded: 0)
System memory in use before: 130.8 MB.
System memory in use after: 130.9 MB.

Unloading 29 unused Assets to reduce memory usage. Loaded Objects now: 3863.
Total: 2.379400 ms (FindLiveObjects: 0.264900 ms CreateObjectMapping: 0.188800 ms MarkObjects: 1.810100 ms  DeleteObjects: 0.114800 ms)

========================================================================
Received Prepare
Refreshing native plugins compatible for Editor in 2.82 ms, found 2 plugins.
Preloading 0 native plugins for Editor in 0.00 ms.
Unloading 15 Unused Serialized files (Serialized files now loaded: 0)
System memory in use before: 62.4 MB.
System memory in use after: 62.5 MB.

Unloading 15 unused Assets to reduce memory usage. Loaded Objects now: 3863.
Total: 2.248200 ms (FindLiveObjects: 0.251600 ms CreateObjectMapping: 0.165400 ms MarkObjects: 1.738700 ms  DeleteObjects: 0.091500 ms)

========================================================================
Received Import Request.
  path: Assets/Scenes/HowToPlay.unity
  artifactKey: Guid(dcf37f3f283d4104e96ce146ad3f562a) Importer(815301076,1909f56bfc062723c751e8b465ee728b)
Start importing Assets/Scenes/HowToPlay.unity using Guid(dcf37f3f283d4104e96ce146ad3f562a) Importer(815301076,1909f56bfc062723c751e8b465ee728b)  -> (artifact id: 'ed00fdd337df9cd1f2372fd2ee05c87c') in 0.011378 seconds 
========================================================================
Received Import Request.
  Time since last request: 11.407245 seconds.
  path: Assets/Scenes/ScoreMenu.unity
  artifactKey: Guid(677d3f473076b004caf3a28d5d9783d9) Importer(815301076,1909f56bfc062723c751e8b465ee728b)
Start importing Assets/Scenes/ScoreMenu.unity using Guid(677d3f473076b004caf3a28d5d9783d9) Importer(815301076,1909f56bfc062723c751e8b465ee728b)  -> (artifact id: '65c824e9485fb6a304f88c4d9f064459') in 0.002413 seconds 
========================================================================
Received Import Request.
  Time since last request: 15.743349 seconds.
  path: Assets/Scenes/BaseGame.unity
  artifactKey: Guid(2cda990e2423bbf4892e6590ba056729) Importer(815301076,1909f56bfc062723c751e8b465ee728b)
Start importing Assets/Scenes/BaseGame.unity using Guid(2cda990e2423bbf4892e6590ba056729) Importer(815301076,1909f56bfc062723c751e8b465ee728b)  -> (artifact id: 'e5cc2a48cb8dd648f94f5349f0c4419f') in 0.002404 seconds 
========================================================================
Received Prepare
Registering precompiled user dll's ...
Registered in 0.002731 seconds.
Begin MonoManager ReloadAssembly
Native extension for Lumin target not found
Native extension for LinuxStandalone target not found
Native extension for WindowsStandalone target not found
Native extension for OSXStandalone target not found
Native extension for WebGL target not found
Refreshing native plugins compatible for Editor in 0.63 ms, found 2 plugins.
Preloading 0 native plugins for Editor in 0.00 ms.
Mono: successfully reloaded assembly
- Completed reload, in  0.920 seconds
Platform modules already initialized, skipping
Switching build target platform(19) subTarget(0) extendedPlatform(0) -> platform(13) subTarget(537395200) extendedPlatform(0)
Refreshing native plugins compatible for Editor in 0.61 ms, found 2 plugins.
Preloading 0 native plugins for Editor in 0.00 ms.
Unloading 3393 Unused Serialized files (Serialized files now loaded: 0)
System memory in use before: 129.5 MB.
System memory in use after: 129.6 MB.

Unloading 17 unused Assets to reduce memory usage. Loaded Objects now: 3867.
Total: 2.291100 ms (FindLiveObjects: 0.243500 ms CreateObjectMapping: 0.168500 ms MarkObjects: 1.793400 ms  DeleteObjects: 0.084700 ms)

AssetImportParameters requested are different than current active one (requested -> active):
  custom:graphics/normal-map-encoding: 01000000000000000000000000000000 -> 02000000000000000000000000000000
========================================================================
Received Import Request.
  Time since last request: 336.286256 seconds.
  path: Assets/Sprites/background tubes.png
  artifactKey: Guid(9a1fdfe2f257a0547acb8d53d0ab62ba) Importer(815301076,1909f56bfc062723c751e8b465ee728b)
Start importing Assets/Sprites/background tubes.png using Guid(9a1fdfe2f257a0547acb8d53d0ab62ba) Importer(815301076,1909f56bfc062723c751e8b465ee728b)  -> (artifact id: 'f36541597c43f41a0f5dc6b8cfe89f15') in 0.599936 seconds 
========================================================================
Received Import Request.
  Time since last request: 0.000220 seconds.
  path: Assets/Sprites/floor_complete.png
  artifactKey: Guid(977f5bc191b32fd48987109908133975) Importer(815301076,1909f56bfc062723c751e8b465ee728b)
Start importing Assets/Sprites/floor_complete.png using Guid(977f5bc191b32fd48987109908133975) Importer(815301076,1909f56bfc062723c751e8b465ee728b)  -> (artifact id: '47219230d2f6fb1956690c43bbc721ce') in 0.077021 seconds 
========================================================================
Received Import Request.
  Time since last request: 0.000182 seconds.
  path: Assets/Sprites/pallete 1.PNG
  artifactKey: Guid(b87eab0017e33914f86ceea0a3d77cb8) Importer(815301076,1909f56bfc062723c751e8b465ee728b)
Start importing Assets/Sprites/pallete 1.PNG using Guid(b87eab0017e33914f86ceea0a3d77cb8) Importer(815301076,1909f56bfc062723c751e8b465ee728b)  -> (artifact id: 'df1f0669e4eafd8a1910e0d12c6a8250') in 0.096349 seconds 
========================================================================
Received Import Request.
  Time since last request: 0.000145 seconds.
  path: Assets/Sprites/CoverPic.png
  artifactKey: Guid(823a7923bf584884aa300fc5c5731813) Importer(815301076,1909f56bfc062723c751e8b465ee728b)
Start importing Assets/Sprites/CoverPic.png using Guid(823a7923bf584884aa300fc5c5731813) Importer(815301076,1909f56bfc062723c751e8b465ee728b)  -> (artifact id: '8cf7df12be51d23e77803e6df09635fd') in 0.093729 seconds 
========================================================================
Received Import Request.
  Time since last request: 0.000208 seconds.
  path: Assets/Sprites/sprite_layer.png
  artifactKey: Guid(7bd3bff2d94b1af4593b9cc4f1354531) Importer(815301076,1909f56bfc062723c751e8b465ee728b)
Start importing Assets/Sprites/sprite_layer.png using Guid(7bd3bff2d94b1af4593b9cc4f1354531) Importer(815301076,1909f56bfc062723c751e8b465ee728b)  -> (artifact id: '50fccde5325e8bd59ec884d6b5ebce6d') in 0.036213 seconds 
========================================================================
Received Import Request.
  Time since last request: 0.000166 seconds.
  path: Assets/Sprites/ic_launcher-web.png
  artifactKey: Guid(1a1df372b44830249b94ef4b7709bf00) Importer(815301076,1909f56bfc062723c751e8b465ee728b)
Start importing Assets/Sprites/ic_launcher-web.png using Guid(1a1df372b44830249b94ef4b7709bf00) Importer(815301076,1909f56bfc062723c751e8b465ee728b)  -> (artifact id: '1ddff0400d0a8ddf511641cf26ae03ec') in 0.018047 seconds 
========================================================================
Received Import Request.
  Time since last request: 0.000164 seconds.
  path: Assets/Sprites/screen example.png
  artifactKey: Guid(12183e9b977c9764d97e706b57fb320e) Importer(815301076,1909f56bfc062723c751e8b465ee728b)
Start importing Assets/Sprites/screen example.png using Guid(12183e9b977c9764d97e706b57fb320e) Importer(815301076,1909f56bfc062723c751e8b465ee728b)  -> (artifact id: 'a82e5c32e4c87366801d6c1ee58f750a') in 0.019662 seconds 
========================================================================
Received Import Request.
  Time since last request: 0.000175 seconds.
  path: Assets/Sprites/SpikeWall.png
  artifactKey: Guid(e323cff97ed856441aa399af5f926c33) Importer(815301076,1909f56bfc062723c751e8b465ee728b)
Start importing Assets/Sprites/SpikeWall.png using Guid(e323cff97ed856441aa399af5f926c33) Importer(815301076,1909f56bfc062723c751e8b465ee728b)  -> (artifact id: '5c7a6511de2f12c478a03ea971555298') in 0.007714 seconds 
========================================================================
Received Import Request.
  Time since last request: 0.000200 seconds.
  path: Assets/Sprites/Icon.png
  artifactKey: Guid(6f588c29468769f4381577cfc46b80fe) Importer(815301076,1909f56bfc062723c751e8b465ee728b)
Start importing Assets/Sprites/Icon.png using Guid(6f588c29468769f4381577cfc46b80fe) Importer(815301076,1909f56bfc062723c751e8b465ee728b)  -> (artifact id: '7750164e03f4eedb8882bf16f1297e08') in 0.007802 seconds 
========================================================================
Received Prepare
Refreshing native plugins compatible for Editor in 2.83 ms, found 2 plugins.
Preloading 0 native plugins for Editor in 0.00 ms.
Unloading 15 Unused Serialized files (Serialized files now loaded: 0)
System memory in use before: 66.7 MB.
System memory in use after: 66.8 MB.

Unloading 15 unused Assets to reduce memory usage. Loaded Objects now: 3897.
Total: 3.200700 ms (FindLiveObjects: 0.260100 ms CreateObjectMapping: 0.169400 ms MarkObjects: 2.673300 ms  DeleteObjects: 0.096900 ms)

========================================================================
Received Import Request.
  Time since last request: 1299.147285 seconds.
  path: Assets/Scenes/Menu.unity
  artifactKey: Guid(06d19d42b40dc3840bde67b79a43875d) Importer(815301076,1909f56bfc062723c751e8b465ee728b)
Start importing Assets/Scenes/Menu.unity using Guid(06d19d42b40dc3840bde67b79a43875d) Importer(815301076,1909f56bfc062723c751e8b465ee728b)  -> (artifact id: 'e500a09d996686bdcb8247e79f38865a') in 0.003081 seconds 
========================================================================
Received Prepare
Registering precompiled user dll's ...
Registered in 0.002644 seconds.
Begin MonoManager ReloadAssembly
Native extension for Lumin target not found
Native extension for LinuxStandalone target not found
Native extension for WindowsStandalone target not found
Native extension for OSXStandalone target not found
Native extension for WebGL target not found
Refreshing native plugins compatible for Editor in 0.61 ms, found 2 plugins.
Preloading 0 native plugins for Editor in 0.00 ms.
Mono: successfully reloaded assembly
- Completed reload, in  1.122 seconds
Platform modules already initialized, skipping
Switching build target platform(19) subTarget(0) extendedPlatform(0) -> platform(13) subTarget(537395200) extendedPlatform(0)
Refreshing native plugins compatible for Editor in 0.61 ms, found 2 plugins.
Preloading 0 native plugins for Editor in 0.00 ms.
Unloading 3402 Unused Serialized files (Serialized files now loaded: 0)
System memory in use before: 148.5 MB.
System memory in use after: 148.6 MB.

Unloading 17 unused Assets to reduce memory usage. Loaded Objects now: 4027.
Total: 2.374300 ms (FindLiveObjects: 0.266300 ms CreateObjectMapping: 0.180600 ms MarkObjects: 1.836200 ms  DeleteObjects: 0.090400 ms)

AssetImportParameters requested are different than current active one (requested -> active):
  custom:graphics/normal-map-encoding: 01000000000000000000000000000000 -> 02000000000000000000000000000000
========================================================================
Received Prepare
Registering precompiled user dll's ...
Registered in 0.002667 seconds.
Begin MonoManager ReloadAssembly
Native extension for Lumin target not found
Native extension for LinuxStandalone target not found
Native extension for WindowsStandalone target not found
Native extension for OSXStandalone target not found
Native extension for WebGL target not found
Refreshing native plugins compatible for Editor in 0.63 ms, found 2 plugins.
Preloading 0 native plugins for Editor in 0.00 ms.
Mono: successfully reloaded assembly
- Completed reload, in  0.918 seconds
Platform modules already initialized, skipping
Switching build target platform(19) subTarget(0) extendedPlatform(0) -> platform(13) subTarget(537395200) extendedPlatform(0)
Refreshing native plugins compatible for Editor in 0.61 ms, found 2 plugins.
Preloading 0 native plugins for Editor in 0.00 ms.
Unloading 3393 Unused Serialized files (Serialized files now loaded: 0)
System memory in use before: 148.2 MB.
System memory in use after: 148.3 MB.

Unloading 17 unused Assets to reduce memory usage. Loaded Objects now: 4031.
Total: 2.396200 ms (FindLiveObjects: 0.260700 ms CreateObjectMapping: 0.165000 ms MarkObjects: 1.876000 ms  DeleteObjects: 0.093400 ms)

AssetImportParameters requested are different than current active one (requested -> active):
  custom:graphics/normal-map-encoding: 01000000000000000000000000000000 -> 02000000000000000000000000000000
========================================================================
Received Prepare
Registering precompiled user dll's ...
Registered in 0.002551 seconds.
Begin MonoManager ReloadAssembly
Native extension for Lumin target not found
Native extension for LinuxStandalone target not found
Native extension for WindowsStandalone target not found
Native extension for OSXStandalone target not found
Native extension for WebGL target not found
Refreshing native plugins compatible for Editor in 0.65 ms, found 2 plugins.
Preloading 0 native plugins for Editor in 0.00 ms.
Mono: successfully reloaded assembly
- Completed reload, in  0.915 seconds
Platform modules already initialized, skipping
Switching build target platform(19) subTarget(0) extendedPlatform(0) -> platform(13) subTarget(537395200) extendedPlatform(0)
Refreshing native plugins compatible for Editor in 0.64 ms, found 2 plugins.
Preloading 0 native plugins for Editor in 0.00 ms.
Unloading 3393 Unused Serialized files (Serialized files now loaded: 0)
System memory in use before: 148.2 MB.
System memory in use after: 148.3 MB.

Unloading 17 unused Assets to reduce memory usage. Loaded Objects now: 4035.
Total: 2.531800 ms (FindLiveObjects: 0.320000 ms CreateObjectMapping: 0.209700 ms MarkObjects: 1.904800 ms  DeleteObjects: 0.095900 ms)

AssetImportParameters requested are different than current active one (requested -> active):
  custom:graphics/normal-map-encoding: 01000000000000000000000000000000 -> 02000000000000000000000000000000
========================================================================
Received Prepare
Registering precompiled user dll's ...
Registered in 0.002686 seconds.
Begin MonoManager ReloadAssembly
Native extension for Lumin target not found
Native extension for LinuxStandalone target not found
Native extension for WindowsStandalone target not found
Native extension for OSXStandalone target not found
Native extension for WebGL target not found
Refreshing native plugins compatible for Editor in 0.61 ms, found 2 plugins.
Preloading 0 native plugins for Editor in 0.00 ms.
Mono: successfully reloaded assembly
- Completed reload, in  1.056 seconds
Platform modules already initialized, skipping
Switching build target platform(19) subTarget(0) extendedPlatform(0) -> platform(13) subTarget(537395200) extendedPlatform(0)
Refreshing native plugins compatible for Editor in 0.69 ms, found 2 plugins.
Preloading 0 native plugins for Editor in 0.00 ms.
Unloading 3393 Unused Serialized files (Serialized files now loaded: 0)
System memory in use before: 148.2 MB.
System memory in use after: 148.3 MB.

Unloading 17 unused Assets to reduce memory usage. Loaded Objects now: 4039.
Total: 3.186000 ms (FindLiveObjects: 0.506000 ms CreateObjectMapping: 0.323700 ms MarkObjects: 2.242700 ms  DeleteObjects: 0.112400 ms)

AssetImportParameters requested are different than current active one (requested -> active):
  custom:graphics/normal-map-encoding: 01000000000000000000000000000000 -> 02000000000000000000000000000000
========================================================================
Received Prepare
Refreshing native plugins compatible for Editor in 2.58 ms, found 2 plugins.
Preloading 0 native plugins for Editor in 0.00 ms.
Unloading 15 Unused Serialized files (Serialized files now loaded: 0)
System memory in use before: 81.4 MB.
System memory in use after: 81.5 MB.

Unloading 15 unused Assets to reduce memory usage. Loaded Objects now: 4039.
Total: 2.282600 ms (FindLiveObjects: 0.264000 ms CreateObjectMapping: 0.158700 ms MarkObjects: 1.762400 ms  DeleteObjects: 0.096900 ms)

AssetImportWorkerClient::OnTransportError - code=2 error=End of file
